2024-03-12 00:14:08,913 - ERROR - Element not found with locator_properties: //input[@placeholder='Username'] and locator_type: xpath
2024-03-12 00:14:08,913 - ERROR - Unable to send data on the element with locator_properties: //input[@placeholder='Username'] and locator_type: xpath
2024-03-12 00:14:19,175 - ERROR - Element not found with locator_properties: //input[@placeholder='Password'] and locator_type: xpath
2024-03-12 00:14:19,175 - ERROR - Unable to send data on the element with locator_properties: //input[@placeholder='Password'] and locator_type: xpath
2024-03-12 00:14:19,225 - INFO - Element is clickable with locator_properties: //button[normalize-space()='Login'] and locator_type: xpath
2024-03-12 00:14:19,251 - INFO - Element found with locator_properties: //button[normalize-space()='Login'] and locator_type: xpath
2024-03-12 00:14:19,317 - INFO - Clicked on the element with locator_properties: //button[normalize-space()='Login'] and locator_type: xpath
2024-03-12 00:14:41,215 - ERROR - Element not found with locator_properties: //input[@placeholder='Username'] and locator_type: xpath
2024-03-12 00:14:41,215 - ERROR - Unable to send data on the element with locator_properties: //input[@placeholder='Username'] and locator_type: xpath
2024-03-12 00:14:51,494 - ERROR - Element not found with locator_properties: //input[@placeholder='Password'] and locator_type: xpath
2024-03-12 00:14:51,494 - ERROR - Unable to send data on the element with locator_properties: //input[@placeholder='Password'] and locator_type: xpath
2024-03-12 00:14:51,546 - INFO - Element is clickable with locator_properties: //button[normalize-space()='Login'] and locator_type: xpath
2024-03-12 00:14:51,574 - INFO - Element found with locator_properties: //button[normalize-space()='Login'] and locator_type: xpath
2024-03-12 00:14:51,639 - INFO - Clicked on the element with locator_properties: //button[normalize-space()='Login'] and locator_type: xpath
2024-03-12 00:15:21,446 - ERROR - Element not found with locator_properties: //input[@placeholder='Username'] and locator_type: xpath
2024-03-12 00:15:21,446 - ERROR - Unable to send data on the element with locator_properties: //input[@placeholder='Username'] and locator_type: xpath
2024-03-12 00:15:31,714 - ERROR - Element not found with locator_properties: //input[@placeholder='Password'] and locator_type: xpath
2024-03-12 00:15:31,714 - ERROR - Unable to send data on the element with locator_properties: //input[@placeholder='Password'] and locator_type: xpath
2024-03-12 00:15:31,761 - INFO - Element is clickable with locator_properties: //button[normalize-space()='Login'] and locator_type: xpath
2024-03-12 00:15:31,780 - INFO - Element found with locator_properties: //button[normalize-space()='Login'] and locator_type: xpath
2024-03-12 00:15:31,846 - INFO - Clicked on the element with locator_properties: //button[normalize-space()='Login'] and locator_type: xpath
