2024-03-12 00:51:08,458 - INFO - Element found with locator_properties: //input[@placeholder='username'] and locator_type: xpath
2024-03-12 00:51:08,568 - INFO - Sent data to the element with locator_properties: //input[@placeholder='username'] and locator_type: xpath
2024-03-12 00:51:08,582 - INFO - Element found with locator_properties: //input[@placeholder='password'] and locator_type: xpath
2024-03-12 00:51:08,638 - INFO - Sent data to the element with locator_properties: //input[@placeholder='password'] and locator_type: xpath
2024-03-12 00:51:08,660 - INFO - Element is clickable with locator_properties: //button[normalize-space()='Login'] and locator_type: xpath
2024-03-12 00:51:08,669 - INFO - Element found with locator_properties: //button[normalize-space()='Login'] and locator_type: xpath
2024-03-12 00:51:08,700 - INFO - Clicked on the element with locator_properties: //button[normalize-space()='Login'] and locator_type: xpath
2024-03-12 00:51:19,913 - INFO - Element found with locator_properties: //input[@placeholder='username'] and locator_type: xpath
2024-03-12 00:51:19,993 - INFO - Sent data to the element with locator_properties: //input[@placeholder='username'] and locator_type: xpath
2024-03-12 00:51:20,007 - INFO - Element found with locator_properties: //input[@placeholder='password'] and locator_type: xpath
2024-03-12 00:51:20,065 - INFO - Sent data to the element with locator_properties: //input[@placeholder='password'] and locator_type: xpath
2024-03-12 00:51:20,087 - INFO - Element is clickable with locator_properties: //button[normalize-space()='Login'] and locator_type: xpath
2024-03-12 00:51:20,097 - INFO - Element found with locator_properties: //button[normalize-space()='Login'] and locator_type: xpath
2024-03-12 00:51:20,121 - INFO - Clicked on the element with locator_properties: //button[normalize-space()='Login'] and locator_type: xpath
2024-03-12 00:51:30,408 - INFO - Element found with locator_properties: //input[@placeholder='username'] and locator_type: xpath
2024-03-12 00:51:30,489 - INFO - Sent data to the element with locator_properties: //input[@placeholder='username'] and locator_type: xpath
2024-03-12 00:51:30,503 - INFO - Element found with locator_properties: //input[@placeholder='password'] and locator_type: xpath
2024-03-12 00:51:30,558 - INFO - Sent data to the element with locator_properties: //input[@placeholder='password'] and locator_type: xpath
2024-03-12 00:51:30,578 - INFO - Element is clickable with locator_properties: //button[normalize-space()='Login'] and locator_type: xpath
2024-03-12 00:51:30,588 - INFO - Element found with locator_properties: //button[normalize-space()='Login'] and locator_type: xpath
2024-03-12 00:51:30,615 - INFO - Clicked on the element with locator_properties: //button[normalize-space()='Login'] and locator_type: xpath
