2024-03-12 01:28:36,394 - ERROR - Element not found with locator_properties: //input[@placeholder='usernames'] and locator_type: xpath
2024-03-12 01:28:36,394 - ERROR - Unable to send data on the element with locator_properties: //input[@placeholder='usernames'] and locator_type: xpath
2024-03-12 01:28:36,517 - INFO - Element found with locator_properties: //input[@placeholder='password'] and locator_type: xpath
2024-03-12 01:28:36,604 - INFO - Sent data to the element with locator_properties: //input[@placeholder='password'] and locator_type: xpath
2024-03-12 01:28:36,748 - INFO - Element is clickable with locator_properties: //button[normalize-space()='Login'] and locator_type: xpath
2024-03-12 01:28:36,758 - INFO - Element found with locator_properties: //button[normalize-space()='Login'] and locator_type: xpath
2024-03-12 01:28:36,790 - INFO - Clicked on the element with locator_properties: //button[normalize-space()='Login'] and locator_type: xpath
2024-03-12 01:28:58,087 - ERROR - Element not found with locator_properties: //input[@placeholder='usernames'] and locator_type: xpath
2024-03-12 01:28:58,087 - ERROR - Unable to send data on the element with locator_properties: //input[@placeholder='usernames'] and locator_type: xpath
2024-03-12 01:28:58,211 - INFO - Element found with locator_properties: //input[@placeholder='password'] and locator_type: xpath
2024-03-12 01:28:58,290 - INFO - Sent data to the element with locator_properties: //input[@placeholder='password'] and locator_type: xpath
2024-03-12 01:28:58,424 - INFO - Element is clickable with locator_properties: //button[normalize-space()='Login'] and locator_type: xpath
2024-03-12 01:28:58,432 - INFO - Element found with locator_properties: //button[normalize-space()='Login'] and locator_type: xpath
2024-03-12 01:28:58,459 - INFO - Clicked on the element with locator_properties: //button[normalize-space()='Login'] and locator_type: xpath
2024-03-12 01:29:20,595 - ERROR - Element not found with locator_properties: //input[@placeholder='usernames'] and locator_type: xpath
2024-03-12 01:29:20,595 - ERROR - Unable to send data on the element with locator_properties: //input[@placeholder='usernames'] and locator_type: xpath
2024-03-12 01:29:20,725 - INFO - Element found with locator_properties: //input[@placeholder='password'] and locator_type: xpath
2024-03-12 01:29:20,801 - INFO - Sent data to the element with locator_properties: //input[@placeholder='password'] and locator_type: xpath
2024-03-12 01:29:20,958 - INFO - Element is clickable with locator_properties: //button[normalize-space()='Login'] and locator_type: xpath
2024-03-12 01:29:20,968 - INFO - Element found with locator_properties: //button[normalize-space()='Login'] and locator_type: xpath
2024-03-12 01:29:20,997 - INFO - Clicked on the element with locator_properties: //button[normalize-space()='Login'] and locator_type: xpath
