2024-03-12 00:12:11,207 - ERROR - Element not found with locator_properties: //input[@placeholder='Username'] and locator_type: xpath
2024-03-12 00:12:11,207 - ERROR - Unable to send data on the element with locator_properties: //input[@placeholder='Username'] and locator_type: xpath
2024-03-12 00:12:21,486 - ERROR - Element not found with locator_properties: //input[@placeholder='Password'] and locator_type: xpath
2024-03-12 00:12:21,486 - ERROR - Unable to send data on the element with locator_properties: //input[@placeholder='Password'] and locator_type: xpath
2024-03-12 00:12:21,655 - INFO - Element is clickable with locator_properties: //button[normalize-space()='Login'] and locator_type: xpath
2024-03-12 00:12:21,683 - INFO - Element found with locator_properties: //button[normalize-space()='Login'] and locator_type: xpath
2024-03-12 00:12:21,752 - INFO - Clicked on the element with locator_properties: //button[normalize-space()='Login'] and locator_type: xpath
2024-03-12 00:12:46,400 - ERROR - Element not found with locator_properties: //input[@placeholder='Username'] and locator_type: xpath
2024-03-12 00:12:46,400 - ERROR - Unable to send data on the element with locator_properties: //input[@placeholder='Username'] and locator_type: xpath
2024-03-12 00:12:56,654 - ERROR - Element not found with locator_properties: //input[@placeholder='Password'] and locator_type: xpath
2024-03-12 00:12:56,654 - ERROR - Unable to send data on the element with locator_properties: //input[@placeholder='Password'] and locator_type: xpath
2024-03-12 00:12:56,707 - INFO - Element is clickable with locator_properties: //button[normalize-space()='Login'] and locator_type: xpath
2024-03-12 00:12:56,731 - INFO - Element found with locator_properties: //button[normalize-space()='Login'] and locator_type: xpath
2024-03-12 00:12:56,795 - INFO - Clicked on the element with locator_properties: //button[normalize-space()='Login'] and locator_type: xpath
2024-03-12 00:13:14,429 - ERROR - Element not found with locator_properties: //input[@placeholder='Username'] and locator_type: xpath
2024-03-12 00:13:14,429 - ERROR - Unable to send data on the element with locator_properties: //input[@placeholder='Username'] and locator_type: xpath
2024-03-12 00:13:24,722 - ERROR - Element not found with locator_properties: //input[@placeholder='Password'] and locator_type: xpath
2024-03-12 00:13:24,722 - ERROR - Unable to send data on the element with locator_properties: //input[@placeholder='Password'] and locator_type: xpath
2024-03-12 00:13:24,774 - INFO - Element is clickable with locator_properties: //button[normalize-space()='Login'] and locator_type: xpath
2024-03-12 00:13:24,797 - INFO - Element found with locator_properties: //button[normalize-space()='Login'] and locator_type: xpath
2024-03-12 00:13:24,888 - INFO - Clicked on the element with locator_properties: //button[normalize-space()='Login'] and locator_type: xpath
