2024-03-12 00:52:32,140 - INFO - Element found with locator_properties: //input[@placeholder='username'] and locator_type: xpath
2024-03-12 00:52:32,248 - INFO - Sent data to the element with locator_properties: //input[@placeholder='username'] and locator_type: xpath
2024-03-12 00:52:32,262 - INFO - Element found with locator_properties: //input[@placeholder='password'] and locator_type: xpath
2024-03-12 00:52:32,326 - INFO - Sent data to the element with locator_properties: //input[@placeholder='password'] and locator_type: xpath
2024-03-12 00:52:32,353 - INFO - Element is clickable with locator_properties: //button[normalize-space()='Login'] and locator_type: xpath
2024-03-12 00:52:32,369 - INFO - Element found with locator_properties: //button[normalize-space()='Login'] and locator_type: xpath
2024-03-12 00:52:33,156 - INFO - Clicked on the element with locator_properties: //button[normalize-space()='Login'] and locator_type: xpath
2024-03-12 00:52:43,300 - INFO - Element found with locator_properties: //input[@placeholder='username'] and locator_type: xpath
2024-03-12 00:52:43,377 - INFO - Sent data to the element with locator_properties: //input[@placeholder='username'] and locator_type: xpath
2024-03-12 00:52:43,390 - INFO - Element found with locator_properties: //input[@placeholder='password'] and locator_type: xpath
2024-03-12 00:52:43,445 - INFO - Sent data to the element with locator_properties: //input[@placeholder='password'] and locator_type: xpath
2024-03-12 00:52:43,468 - INFO - Element is clickable with locator_properties: //button[normalize-space()='Login'] and locator_type: xpath
2024-03-12 00:52:43,477 - INFO - Element found with locator_properties: //button[normalize-space()='Login'] and locator_type: xpath
2024-03-12 00:52:43,500 - INFO - Clicked on the element with locator_properties: //button[normalize-space()='Login'] and locator_type: xpath
2024-03-12 00:52:54,631 - INFO - Element found with locator_properties: //input[@placeholder='username'] and locator_type: xpath
2024-03-12 00:52:54,708 - INFO - Sent data to the element with locator_properties: //input[@placeholder='username'] and locator_type: xpath
2024-03-12 00:52:54,720 - INFO - Element found with locator_properties: //input[@placeholder='password'] and locator_type: xpath
2024-03-12 00:52:54,775 - INFO - Sent data to the element with locator_properties: //input[@placeholder='password'] and locator_type: xpath
2024-03-12 00:52:54,797 - INFO - Element is clickable with locator_properties: //button[normalize-space()='Login'] and locator_type: xpath
2024-03-12 00:52:54,805 - INFO - Element found with locator_properties: //button[normalize-space()='Login'] and locator_type: xpath
2024-03-12 00:52:54,830 - INFO - Clicked on the element with locator_properties: //button[normalize-space()='Login'] and locator_type: xpath
