2024-03-12 00:45:22,837 - INFO - Element found with locator_properties: //input[@placeholder='username'] and locator_type: xpath
2024-03-12 00:45:22,942 - INFO - Sent data to the element with locator_properties: //input[@placeholder='username'] and locator_type: xpath
2024-03-12 00:45:22,976 - INFO - Element found with locator_properties: //input[@placeholder='password'] and locator_type: xpath
2024-03-12 00:45:23,033 - INFO - Sent data to the element with locator_properties: //input[@placeholder='password'] and locator_type: xpath
2024-03-12 00:45:23,059 - INFO - Element is clickable with locator_properties: //button[normalize-space()='Login'] and locator_type: xpath
2024-03-12 00:45:23,069 - INFO - Element found with locator_properties: //button[normalize-space()='Login'] and locator_type: xpath
2024-03-12 00:45:23,096 - INFO - Clicked on the element with locator_properties: //button[normalize-space()='Login'] and locator_type: xpath
2024-03-12 00:45:34,931 - INFO - Element found with locator_properties: //input[@placeholder='username'] and locator_type: xpath
2024-03-12 00:45:35,029 - INFO - Sent data to the element with locator_properties: //input[@placeholder='username'] and locator_type: xpath
2024-03-12 00:45:35,050 - INFO - Element found with locator_properties: //input[@placeholder='password'] and locator_type: xpath
2024-03-12 00:45:35,113 - INFO - Sent data to the element with locator_properties: //input[@placeholder='password'] and locator_type: xpath
2024-03-12 00:45:35,138 - INFO - Element is clickable with locator_properties: //button[normalize-space()='Login'] and locator_type: xpath
2024-03-12 00:45:35,150 - INFO - Element found with locator_properties: //button[normalize-space()='Login'] and locator_type: xpath
2024-03-12 00:45:35,178 - INFO - Clicked on the element with locator_properties: //button[normalize-space()='Login'] and locator_type: xpath
2024-03-12 00:45:58,132 - INFO - Element found with locator_properties: //input[@placeholder='username'] and locator_type: xpath
2024-03-12 00:45:58,214 - INFO - Sent data to the element with locator_properties: //input[@placeholder='username'] and locator_type: xpath
2024-03-12 00:45:58,228 - INFO - Element found with locator_properties: //input[@placeholder='password'] and locator_type: xpath
2024-03-12 00:45:58,283 - INFO - Sent data to the element with locator_properties: //input[@placeholder='password'] and locator_type: xpath
2024-03-12 00:45:58,304 - INFO - Element is clickable with locator_properties: //button[normalize-space()='Login'] and locator_type: xpath
2024-03-12 00:45:58,314 - INFO - Element found with locator_properties: //button[normalize-space()='Login'] and locator_type: xpath
2024-03-12 00:45:58,338 - INFO - Clicked on the element with locator_properties: //button[normalize-space()='Login'] and locator_type: xpath
