2024-03-12 01:31:30,129 - ERROR - Element not found with locator_properties: //input[@placeholder='usernamesss'] and locator_type: xpath
2024-03-12 01:31:30,129 - ERROR - Unable to send data on the element with locator_properties: //input[@placeholder='usernamesss'] and locator_type: xpath
2024-03-12 01:31:40,384 - ERROR - Element not found with locator_properties: //input[@placeholder='password'] and locator_type: xpath
2024-03-12 01:31:40,384 - ERROR - Unable to send data on the element with locator_properties: //input[@placeholder='password'] and locator_type: xpath
2024-03-12 01:31:40,512 - INFO - Element is clickable with locator_properties: //button[normalize-space()='Login'] and locator_type: xpath
2024-03-12 01:31:40,522 - INFO - Element found with locator_properties: //button[normalize-space()='Login'] and locator_type: xpath
2024-03-12 01:31:40,555 - INFO - Clicked on the element with locator_properties: //button[normalize-space()='Login'] and locator_type: xpath
2024-03-12 01:32:01,785 - ERROR - Element not found with locator_properties: //input[@placeholder='usernamesss'] and locator_type: xpath
2024-03-12 01:32:01,785 - ERROR - Unable to send data on the element with locator_properties: //input[@placeholder='usernamesss'] and locator_type: xpath
2024-03-12 01:32:12,045 - ERROR - Element not found with locator_properties: //input[@placeholder='password'] and locator_type: xpath
2024-03-12 01:32:12,045 - ERROR - Unable to send data on the element with locator_properties: //input[@placeholder='password'] and locator_type: xpath
2024-03-12 01:32:12,170 - INFO - Element is clickable with locator_properties: //button[normalize-space()='Login'] and locator_type: xpath
2024-03-12 01:32:12,180 - INFO - Element found with locator_properties: //button[normalize-space()='Login'] and locator_type: xpath
2024-03-12 01:32:12,210 - INFO - Clicked on the element with locator_properties: //button[normalize-space()='Login'] and locator_type: xpath
2024-03-12 01:32:33,632 - ERROR - Element not found with locator_properties: //input[@placeholder='usernamesss'] and locator_type: xpath
2024-03-12 01:32:33,632 - ERROR - Unable to send data on the element with locator_properties: //input[@placeholder='usernamesss'] and locator_type: xpath
2024-03-12 01:32:43,891 - ERROR - Element not found with locator_properties: //input[@placeholder='password'] and locator_type: xpath
2024-03-12 01:32:43,891 - ERROR - Unable to send data on the element with locator_properties: //input[@placeholder='password'] and locator_type: xpath
2024-03-12 01:32:44,022 - INFO - Element is clickable with locator_properties: //button[normalize-space()='Login'] and locator_type: xpath
2024-03-12 01:32:44,033 - INFO - Element found with locator_properties: //button[normalize-space()='Login'] and locator_type: xpath
2024-03-12 01:32:44,066 - INFO - Clicked on the element with locator_properties: //button[normalize-space()='Login'] and locator_type: xpath
