2024-03-12 00:17:01,661 - INFO - Element found with locator_properties: //input[@placeholder='username'] and locator_type: xpath
2024-03-12 00:17:01,863 - INFO - Sent data to the element with locator_properties: //input[@placeholder='username'] and locator_type: xpath
2024-03-12 00:17:01,890 - INFO - Element found with locator_properties: //input[@placeholder='password'] and locator_type: xpath
2024-03-12 00:17:02,017 - INFO - Sent data to the element with locator_properties: //input[@placeholder='password'] and locator_type: xpath
2024-03-12 00:17:02,069 - INFO - Element is clickable with locator_properties: //button[normalize-space()='Login'] and locator_type: xpath
2024-03-12 00:17:02,105 - INFO - Element found with locator_properties: //button[normalize-space()='Login'] and locator_type: xpath
2024-03-12 00:17:02,160 - INFO - Clicked on the element with locator_properties: //button[normalize-space()='Login'] and locator_type: xpath
2024-03-12 00:17:21,986 - INFO - Element found with locator_properties: //input[@placeholder='username'] and locator_type: xpath
2024-03-12 00:17:22,148 - INFO - Sent data to the element with locator_properties: //input[@placeholder='username'] and locator_type: xpath
2024-03-12 00:17:22,180 - INFO - Element found with locator_properties: //input[@placeholder='password'] and locator_type: xpath
2024-03-12 00:17:22,302 - INFO - Sent data to the element with locator_properties: //input[@placeholder='password'] and locator_type: xpath
2024-03-12 00:17:22,350 - INFO - Element is clickable with locator_properties: //button[normalize-space()='Login'] and locator_type: xpath
2024-03-12 00:17:22,370 - INFO - Element found with locator_properties: //button[normalize-space()='Login'] and locator_type: xpath
2024-03-12 00:17:22,423 - INFO - Clicked on the element with locator_properties: //button[normalize-space()='Login'] and locator_type: xpath
2024-03-12 00:17:33,680 - INFO - Element found with locator_properties: //input[@placeholder='username'] and locator_type: xpath
2024-03-12 00:17:33,867 - INFO - Sent data to the element with locator_properties: //input[@placeholder='username'] and locator_type: xpath
2024-03-12 00:17:33,902 - INFO - Element found with locator_properties: //input[@placeholder='password'] and locator_type: xpath
2024-03-12 00:17:34,010 - INFO - Sent data to the element with locator_properties: //input[@placeholder='password'] and locator_type: xpath
2024-03-12 00:17:34,058 - INFO - Element is clickable with locator_properties: //button[normalize-space()='Login'] and locator_type: xpath
2024-03-12 00:17:34,084 - INFO - Element found with locator_properties: //button[normalize-space()='Login'] and locator_type: xpath
2024-03-12 00:17:34,147 - INFO - Clicked on the element with locator_properties: //button[normalize-space()='Login'] and locator_type: xpath
