2024-03-12 00:38:47,509 - INFO - Element found with locator_properties: //input[@placeholder='username'] and locator_type: xpath
2024-03-12 00:38:47,703 - INFO - Sent data to the element with locator_properties: //input[@placeholder='username'] and locator_type: xpath
2024-03-12 00:38:47,737 - INFO - Element found with locator_properties: //input[@placeholder='password'] and locator_type: xpath
2024-03-12 00:38:47,889 - INFO - Sent data to the element with locator_properties: //input[@placeholder='password'] and locator_type: xpath
2024-03-12 00:38:47,938 - INFO - Element is clickable with locator_properties: //button[normalize-space()='Login'] and locator_type: xpath
2024-03-12 00:38:47,958 - INFO - Element found with locator_properties: //button[normalize-space()='Login'] and locator_type: xpath
2024-03-12 00:38:48,016 - INFO - Clicked on the element with locator_properties: //button[normalize-space()='Login'] and locator_type: xpath
2024-03-12 00:38:59,302 - INFO - Element found with locator_properties: //input[@placeholder='username'] and locator_type: xpath
2024-03-12 00:38:59,473 - INFO - Sent data to the element with locator_properties: //input[@placeholder='username'] and locator_type: xpath
2024-03-12 00:38:59,499 - INFO - Element found with locator_properties: //input[@placeholder='password'] and locator_type: xpath
2024-03-12 00:38:59,619 - INFO - Sent data to the element with locator_properties: //input[@placeholder='password'] and locator_type: xpath
2024-03-12 00:38:59,670 - INFO - Element is clickable with locator_properties: //button[normalize-space()='Login'] and locator_type: xpath
2024-03-12 00:38:59,694 - INFO - Element found with locator_properties: //button[normalize-space()='Login'] and locator_type: xpath
2024-03-12 00:38:59,750 - INFO - Clicked on the element with locator_properties: //button[normalize-space()='Login'] and locator_type: xpath
2024-03-12 00:39:17,235 - INFO - Element found with locator_properties: //input[@placeholder='username'] and locator_type: xpath
2024-03-12 00:39:17,397 - INFO - Sent data to the element with locator_properties: //input[@placeholder='username'] and locator_type: xpath
2024-03-12 00:39:17,426 - INFO - Element found with locator_properties: //input[@placeholder='password'] and locator_type: xpath
2024-03-12 00:39:17,556 - INFO - Sent data to the element with locator_properties: //input[@placeholder='password'] and locator_type: xpath
2024-03-12 00:39:17,603 - INFO - Element is clickable with locator_properties: //button[normalize-space()='Login'] and locator_type: xpath
2024-03-12 00:39:17,629 - INFO - Element found with locator_properties: //button[normalize-space()='Login'] and locator_type: xpath
2024-03-12 00:39:18,441 - INFO - Clicked on the element with locator_properties: //button[normalize-space()='Login'] and locator_type: xpath
