2024-03-11 00:33:35,041 - INFO - Element found with locator_properties: //input[@placeholder='Username'] and locator_type: xpath
2024-03-11 00:33:35,227 - INFO - Sent data to the element with locator_properties: //input[@placeholder='Username'] and locator_type: xpath
2024-03-11 00:33:35,251 - INFO - Element found with locator_properties: //input[@placeholder='Password'] and locator_type: xpath
2024-03-11 00:33:35,393 - INFO - Sent data to the element with locator_properties: //input[@placeholder='Password'] and locator_type: xpath
2024-03-11 00:33:35,444 - INFO - Element is clickable with locator_properties: //button[normalize-space()='Login'] and locator_type: xpath
2024-03-11 00:33:35,469 - INFO - Element found with locator_properties: //button[normalize-space()='Login'] and locator_type: xpath
2024-03-11 00:33:35,546 - INFO - Clicked on the element with locator_properties: //button[normalize-space()='Login'] and locator_type: xpath
2024-03-11 00:33:54,792 - INFO - Element found with locator_properties: //input[@placeholder='Username'] and locator_type: xpath
2024-03-11 00:33:54,948 - INFO - Sent data to the element with locator_properties: //input[@placeholder='Username'] and locator_type: xpath
2024-03-11 00:33:54,979 - INFO - Element found with locator_properties: //input[@placeholder='Password'] and locator_type: xpath
2024-03-11 00:33:55,116 - INFO - Sent data to the element with locator_properties: //input[@placeholder='Password'] and locator_type: xpath
2024-03-11 00:33:55,169 - INFO - Element is clickable with locator_properties: //button[normalize-space()='Login'] and locator_type: xpath
2024-03-11 00:33:55,192 - INFO - Element found with locator_properties: //button[normalize-space()='Login'] and locator_type: xpath
2024-03-11 00:33:55,249 - INFO - Clicked on the element with locator_properties: //button[normalize-space()='Login'] and locator_type: xpath
2024-03-11 00:34:14,551 - INFO - Element found with locator_properties: //input[@placeholder='Username'] and locator_type: xpath
2024-03-11 00:34:14,707 - INFO - Sent data to the element with locator_properties: //input[@placeholder='Username'] and locator_type: xpath
2024-03-11 00:34:14,733 - INFO - Element found with locator_properties: //input[@placeholder='Password'] and locator_type: xpath
2024-03-11 00:34:14,851 - INFO - Sent data to the element with locator_properties: //input[@placeholder='Password'] and locator_type: xpath
2024-03-11 00:34:14,905 - INFO - Element is clickable with locator_properties: //button[normalize-space()='Login'] and locator_type: xpath
2024-03-11 00:34:14,932 - INFO - Element found with locator_properties: //button[normalize-space()='Login'] and locator_type: xpath
2024-03-11 00:34:15,877 - INFO - Clicked on the element with locator_properties: //button[normalize-space()='Login'] and locator_type: xpath
