2024-03-11 00:17:12,032 - INFO - Element found with locator_properties: //input[@placeholder='Username'] and locator_type: xpath
2024-03-11 00:17:12,220 - INFO - Sent data to the element with locator_properties: //input[@placeholder='Username'] and locator_type: xpath
2024-03-11 00:17:12,251 - INFO - Element found with locator_properties: //input[@placeholder='Password'] and locator_type: xpath
2024-03-11 00:17:12,376 - INFO - Sent data to the element with locator_properties: //input[@placeholder='Password'] and locator_type: xpath
2024-03-11 00:17:12,523 - INFO - Element is clickable with locator_properties: //button[normalize-space()='Login'] and locator_type: xpath
2024-03-11 00:17:12,547 - INFO - Element found with locator_properties: //button[normalize-space()='Login'] and locator_type: xpath
2024-03-11 00:17:13,491 - INFO - Clicked on the element with locator_properties: //button[normalize-space()='Login'] and locator_type: xpath
2024-03-11 00:17:33,657 - INFO - Element found with locator_properties: //input[@placeholder='Username'] and locator_type: xpath
2024-03-11 00:17:33,804 - INFO - Sent data to the element with locator_properties: //input[@placeholder='Username'] and locator_type: xpath
2024-03-11 00:17:33,830 - INFO - Element found with locator_properties: //input[@placeholder='Password'] and locator_type: xpath
2024-03-11 00:17:33,950 - INFO - Sent data to the element with locator_properties: //input[@placeholder='Password'] and locator_type: xpath
2024-03-11 00:17:33,996 - INFO - Element is clickable with locator_properties: //button[normalize-space()='Login'] and locator_type: xpath
2024-03-11 00:17:34,017 - INFO - Element found with locator_properties: //button[normalize-space()='Login'] and locator_type: xpath
2024-03-11 00:17:34,072 - INFO - Clicked on the element with locator_properties: //button[normalize-space()='Login'] and locator_type: xpath
2024-03-11 00:17:51,330 - INFO - Element found with locator_properties: //input[@placeholder='Username'] and locator_type: xpath
2024-03-11 00:17:51,498 - INFO - Sent data to the element with locator_properties: //input[@placeholder='Username'] and locator_type: xpath
2024-03-11 00:17:51,525 - INFO - Element found with locator_properties: //input[@placeholder='Password'] and locator_type: xpath
2024-03-11 00:17:51,648 - INFO - Sent data to the element with locator_properties: //input[@placeholder='Password'] and locator_type: xpath
2024-03-11 00:17:51,695 - INFO - Element is clickable with locator_properties: //button[normalize-space()='Login'] and locator_type: xpath
2024-03-11 00:17:51,717 - INFO - Element found with locator_properties: //button[normalize-space()='Login'] and locator_type: xpath
2024-03-11 00:17:51,771 - INFO - Clicked on the element with locator_properties: //button[normalize-space()='Login'] and locator_type: xpath
