2024-03-11 00:29:28,612 - INFO - Element found with locator_properties: //input[@placeholder='Username'] and locator_type: xpath
2024-03-11 00:29:28,839 - INFO - Sent data to the element with locator_properties: //input[@placeholder='Username'] and locator_type: xpath
2024-03-11 00:29:28,868 - INFO - Element found with locator_properties: //input[@placeholder='Password'] and locator_type: xpath
2024-03-11 00:29:28,992 - INFO - Sent data to the element with locator_properties: //input[@placeholder='Password'] and locator_type: xpath
2024-03-11 00:29:29,055 - INFO - Element is clickable with locator_properties: //button[normalize-space()='Login'] and locator_type: xpath
2024-03-11 00:29:29,078 - INFO - Element found with locator_properties: //button[normalize-space()='Login'] and locator_type: xpath
2024-03-11 00:29:29,134 - INFO - Clicked on the element with locator_properties: //button[normalize-space()='Login'] and locator_type: xpath
2024-03-11 00:29:48,580 - INFO - Element found with locator_properties: //input[@placeholder='Username'] and locator_type: xpath
2024-03-11 00:29:48,746 - INFO - Sent data to the element with locator_properties: //input[@placeholder='Username'] and locator_type: xpath
2024-03-11 00:29:48,772 - INFO - Element found with locator_properties: //input[@placeholder='Password'] and locator_type: xpath
2024-03-11 00:29:48,894 - INFO - Sent data to the element with locator_properties: //input[@placeholder='Password'] and locator_type: xpath
2024-03-11 00:29:48,942 - INFO - Element is clickable with locator_properties: //button[normalize-space()='Login'] and locator_type: xpath
2024-03-11 00:29:48,963 - INFO - Element found with locator_properties: //button[normalize-space()='Login'] and locator_type: xpath
2024-03-11 00:29:49,023 - INFO - Clicked on the element with locator_properties: //button[normalize-space()='Login'] and locator_type: xpath
2024-03-11 00:30:06,487 - INFO - Element found with locator_properties: //input[@placeholder='Username'] and locator_type: xpath
2024-03-11 00:30:06,650 - INFO - Sent data to the element with locator_properties: //input[@placeholder='Username'] and locator_type: xpath
2024-03-11 00:30:06,677 - INFO - Element found with locator_properties: //input[@placeholder='Password'] and locator_type: xpath
2024-03-11 00:30:06,797 - INFO - Sent data to the element with locator_properties: //input[@placeholder='Password'] and locator_type: xpath
2024-03-11 00:30:06,845 - INFO - Element is clickable with locator_properties: //button[normalize-space()='Login'] and locator_type: xpath
2024-03-11 00:30:06,867 - INFO - Element found with locator_properties: //button[normalize-space()='Login'] and locator_type: xpath
2024-03-11 00:30:06,925 - INFO - Clicked on the element with locator_properties: //button[normalize-space()='Login'] and locator_type: xpath
